2025-11-03 17:34:32,850 - INFO - ================================================================================
2025-11-03 17:34:32,850 - INFO - Sepsis-3 Mortality Prediction Training Pipeline
2025-11-03 17:34:32,851 - INFO - ================================================================================
2025-11-03 17:34:32,851 - INFO - Random seed: 42
2025-11-03 17:34:32,851 - INFO - Output directory: outputs_fixed_final
2025-11-03 17:34:32,861 - INFO - Loading data from data/processed/sepsis3_cleaned.csv
2025-11-03 17:34:32,899 - INFO - Data loaded: 20391 samples, 27 features
2025-11-03 17:34:32,899 - INFO - Target distribution: 4703 positive (23.06%)
2025-11-03 17:34:32,899 - INFO - Splitting data (70/15/15 stratified)
2025-11-03 17:34:32,906 - INFO - Train: 14272 (70.0%)
2025-11-03 17:34:32,906 - INFO - Val: 3060 (15.0%)
2025-11-03 17:34:32,906 - INFO - Test: 3059 (15.0%)
2025-11-03 17:34:32,906 - INFO - Building preprocessing pipeline
2025-11-03 17:34:32,926 - INFO - Pipeline fitted: 27 numeric features
2025-11-03 17:34:32,926 - INFO - ============================================================
2025-11-03 17:34:32,926 - INFO - Stage A: Baseline Model Training
2025-11-03 17:34:32,926 - INFO - ============================================================
2025-11-03 17:34:32,927 - INFO - Preprocessing data for LR and Stacking models...
2025-11-03 17:34:32,933 - INFO - Training Logistic Regression...
2025-11-03 17:34:32,947 - INFO - [OK] LR - AUC: 0.7828
2025-11-03 17:34:32,947 - INFO - Training Random Forest...
2025-11-03 17:34:33,443 - INFO - [OK] RF - AUC: 0.7909
2025-11-03 17:34:33,443 - INFO - Training XGBoost...
2025-11-03 17:34:34,327 - INFO - [OK] XGB - AUC: 0.7890
2025-11-03 17:34:34,327 - INFO - Training LightGBM...
2025-11-03 17:34:34,587 - INFO - [OK] LGB - AUC: 0.7755
2025-11-03 17:34:34,587 - INFO - Training Stacking Ensemble (LR, XGBoost, LightGBM)...
2025-11-03 17:34:42,026 - INFO - [OK] Stack - AUC: 0.7957
2025-11-03 17:34:42,026 - INFO - [COMPLETE] Best baseline model: Stacking (AUC=0.7957)
2025-11-03 17:34:42,026 - INFO - Computing SHAP values...
2025-11-03 17:34:42,026 - INFO - Using 1000 samples for SHAP (for speed)
2025-11-03 17:34:42,026 - WARNING - SHAP not supported for this model type
2025-11-03 17:34:42,026 - INFO - Plotting ROC and PR curves...
2025-11-03 17:34:42,386 - INFO - [OK] Saved: outputs_fixed_final/plots/roc_pr_curves.png
2025-11-03 17:34:42,386 - INFO - Plotting calibration curve...
2025-11-03 17:34:42,536 - INFO - [OK] Saved: outputs_fixed_final/plots/calibration_plot.png
2025-11-03 17:34:42,536 - INFO - Starting Optuna optimization (10 trials, xgb)
2025-11-03 17:34:50,669 - INFO - [OK] Optuna complete - Best AUC: 0.7952
2025-11-03 17:34:52,218 - INFO - Optimized model AUC: 0.8022
2025-11-03 17:34:52,235 - INFO - Optimizing classification thresholds...
2025-11-03 17:34:53,252 - INFO - [OK] Thresholds optimized - Youden: 0.2502, F2: 0.1327, Cost: 0.1374
2025-11-03 17:34:53,253 - INFO - Computing bootstrap confidence intervals (n=1000)
2025-11-03 17:34:54,414 - INFO - [OK] Bootstrap complete
2025-11-03 17:34:54,414 - INFO - Performing subgroup analysis...
2025-11-03 17:34:54,424 - INFO - [OK] Subgroup analysis complete (7 groups)
2025-11-03 17:34:54,424 - INFO - Plotting Decision Curve Analysis...
2025-11-03 17:34:54,587 - INFO - [OK] Saved: outputs_fixed_final/plots/dca_plot.png
2025-11-03 17:34:54,587 - INFO - ============================================================
2025-11-03 17:34:54,587 - INFO - Exporting Results and Artifacts
2025-11-03 17:34:54,587 - INFO - ============================================================
2025-11-03 17:34:54,588 - INFO - [OK] Saved: model_performance_summary.csv
2025-11-03 17:34:54,588 - INFO - [OK] Saved: threshold_optimization_report.csv
2025-11-03 17:34:54,589 - INFO - [OK] Saved: bootstrap_confidence_intervals.csv
2025-11-03 17:34:54,589 - INFO - [OK] Saved: subgroup_performance_table.csv
2025-11-03 17:34:54,589 - INFO - [OK] Saved: optuna_best_params.json
2025-11-03 17:34:54,597 - INFO - [OK] Saved: best_sepsis_model.pkl
2025-11-03 17:34:54,597 - INFO - [COMPLETE] All exports complete
2025-11-03 17:34:54,597 - INFO - ================================================================================
2025-11-03 17:34:54,597 - INFO - [COMPLETE] Pipeline finished in 21.75 seconds
2025-11-03 17:34:54,597 - INFO - Results saved to: outputs_fixed_final
2025-11-03 17:34:54,597 - INFO - ================================================================================
