2025-11-04 15:38:11,590 - INFO - ================================================================================
2025-11-04 15:38:11,591 - INFO - Sepsis-3 Mortality Prediction Training Pipeline
2025-11-04 15:38:11,591 - INFO - ================================================================================
2025-11-04 15:38:11,591 - INFO - Random seed: 42
2025-11-04 15:38:11,591 - INFO - Output directory: outputs_new
2025-11-04 15:38:11,601 - INFO - Loading data from data/processed/sepsis3_cleaned.csv
2025-11-04 15:38:11,640 - INFO - Data loaded: 20391 samples, 27 features
2025-11-04 15:38:11,640 - INFO - Target distribution: 4703 positive (23.06%)
2025-11-04 15:38:11,640 - INFO - Splitting data (70/15/15 stratified)
2025-11-04 15:38:11,647 - INFO - Train: 14272 (70.0%)
2025-11-04 15:38:11,647 - INFO - Val: 3060 (15.0%)
2025-11-04 15:38:11,647 - INFO - Test: 3059 (15.0%)
2025-11-04 15:38:11,647 - INFO - Building preprocessing pipeline
2025-11-04 15:38:11,667 - INFO - Pipeline fitted: 27 numeric features
2025-11-04 15:38:11,667 - INFO - ============================================================
2025-11-04 15:38:11,667 - INFO - Stage A: Baseline Model Training
2025-11-04 15:38:11,667 - INFO - ============================================================
2025-11-04 15:38:11,667 - INFO - Preprocessing data for LR and Stacking models...
2025-11-04 15:38:11,673 - INFO - Training Logistic Regression...
2025-11-04 15:38:11,690 - INFO - [OK] LR - AUC: 0.7839
2025-11-04 15:38:11,690 - INFO - Training Random Forest...
2025-11-04 15:38:12,158 - INFO - [OK] RF - AUC: 0.7926
2025-11-04 15:38:12,159 - INFO - Training XGBoost...
2025-11-04 15:38:12,898 - INFO - [OK] XGB - AUC: 0.7925
2025-11-04 15:38:12,898 - INFO - Training LightGBM...
2025-11-04 15:38:13,164 - INFO - [OK] LGB - AUC: 0.7772
2025-11-04 15:38:13,164 - INFO - Training Stacking Ensemble (LR, XGBoost, LightGBM)...
2025-11-04 15:38:22,318 - INFO - [OK] Stack - AUC: 0.7968
2025-11-04 15:38:22,318 - INFO - [COMPLETE] Best baseline model: Stacking (AUC=0.7968)
2025-11-04 15:38:22,319 - INFO - Computing SHAP values...
2025-11-04 15:38:22,319 - INFO - Using 1000 samples for SHAP (for speed)
2025-11-04 15:38:22,319 - WARNING - SHAP not supported for this model type
2025-11-04 15:38:22,319 - INFO - Plotting ROC and PR curves...
2025-11-04 15:38:22,717 - INFO - [OK] Saved: outputs_new/plots/roc_pr_curves.png
2025-11-04 15:38:22,718 - INFO - Plotting calibration curve...
2025-11-04 15:38:22,889 - INFO - [OK] Saved: outputs_new/plots/calibration_plot.png
2025-11-04 15:38:22,889 - INFO - Starting Optuna optimization (80 trials, xgb)
2025-11-04 15:39:32,601 - INFO - [OK] Optuna complete - Best AUC: 0.7993
2025-11-04 15:39:37,884 - INFO - Optimized model AUC: 0.8020
2025-11-04 15:39:37,920 - INFO - Optimizing classification thresholds...
2025-11-04 15:39:38,992 - INFO - [OK] Thresholds optimized - Youden: 0.2939, F2: 0.1185, Cost: 0.1500
2025-11-04 15:39:38,992 - INFO - Computing bootstrap confidence intervals (n=1000)
2025-11-04 15:39:40,193 - INFO - [OK] Bootstrap complete
2025-11-04 15:39:40,193 - INFO - Performing subgroup analysis...
2025-11-04 15:39:40,203 - INFO - [OK] Subgroup analysis complete (7 groups)
2025-11-04 15:39:40,203 - INFO - Plotting Decision Curve Analysis...
2025-11-04 15:39:40,376 - INFO - [OK] Saved: outputs_new/plots/dca_plot.png
2025-11-04 15:39:40,376 - INFO - ============================================================
2025-11-04 15:39:40,376 - INFO - Exporting Results and Artifacts
2025-11-04 15:39:40,376 - INFO - ============================================================
2025-11-04 15:39:40,377 - INFO - [OK] Saved: model_performance_summary.csv
2025-11-04 15:39:40,377 - INFO - [OK] Saved: threshold_optimization_report.csv
2025-11-04 15:39:40,378 - INFO - [OK] Saved: bootstrap_confidence_intervals.csv
2025-11-04 15:39:40,378 - INFO - [OK] Saved: subgroup_performance_table.csv
2025-11-04 15:39:40,378 - INFO - [OK] Saved: optuna_best_params.json
2025-11-04 15:39:40,396 - INFO - [OK] Saved: best_sepsis_model.pkl
2025-11-04 15:39:40,396 - INFO - [COMPLETE] All exports complete
2025-11-04 15:39:40,396 - INFO - ================================================================================
2025-11-04 15:39:40,396 - INFO - [COMPLETE] Pipeline finished in 88.81 seconds
2025-11-04 15:39:40,397 - INFO - Results saved to: outputs_new
2025-11-04 15:39:40,397 - INFO - ================================================================================
