2025-11-01 20:17:30,944 - INFO - ================================================================================
2025-11-01 20:17:30,944 - INFO - Sepsis-3 Mortality Prediction Training Pipeline
2025-11-01 20:17:30,944 - INFO - ================================================================================
2025-11-01 20:17:30,944 - INFO - Random seed: 42
2025-11-01 20:17:30,945 - INFO - Output directory: outputs_optimized
2025-11-01 20:17:30,956 - INFO - Loading data from data/processed/sepsis3_cleaned.csv
2025-11-01 20:17:30,991 - INFO - Data loaded: 20391 samples, 27 features
2025-11-01 20:17:30,991 - INFO - Target distribution: 4703 positive (23.06%)
2025-11-01 20:17:30,991 - INFO - Splitting data (70/15/15 stratified)
2025-11-01 20:17:30,998 - INFO - Train: 14272 (70.0%)
2025-11-01 20:17:30,998 - INFO - Val: 3060 (15.0%)
2025-11-01 20:17:30,998 - INFO - Test: 3059 (15.0%)
2025-11-01 20:17:30,998 - INFO - Building preprocessing pipeline
2025-11-01 20:17:31,016 - INFO - Pipeline fitted: 27 numeric features
2025-11-01 20:17:31,016 - INFO - ============================================================
2025-11-01 20:17:31,016 - INFO - Stage A: Baseline Model Training
2025-11-01 20:17:31,016 - INFO - ============================================================
2025-11-01 20:17:31,016 - INFO - Training Logistic Regression...
2025-11-01 20:17:31,017 - WARNING - [WARNING] Logistic Regression failed: Input X contains NaN.
LogisticRegression does not accept missing values encoded as NaN natively. For supervised learning, you might want to consider sklearn.ensemble.HistGradientBoostingClassifier and Regressor which accept missing values encoded as NaNs natively. Alternatively, it is possible to preprocess the data, for instance by using an imputer transformer in a pipeline or drop samples with missing values. See https://scikit-learn.org/stable/modules/impute.html You can find a list of all estimators that handle NaN values at the following page: https://scikit-learn.org/stable/modules/impute.html#estimators-that-handle-nan-values
2025-11-01 20:17:31,017 - INFO - Training Random Forest...
2025-11-01 20:17:31,431 - INFO - [OK] RF - AUC: 0.7909
2025-11-01 20:17:31,431 - INFO - Training XGBoost...
2025-11-01 20:17:31,942 - INFO - [OK] XGB - AUC: 0.7890
2025-11-01 20:17:31,942 - INFO - Training LightGBM...
2025-11-01 20:17:32,016 - INFO - [OK] LGB - AUC: 0.7755
2025-11-01 20:17:32,016 - INFO - Training Stacking Ensemble...
2025-11-01 20:17:32,018 - WARNING - [WARNING] Stacking failed: Input X contains NaN.
LogisticRegression does not accept missing values encoded as NaN natively. For supervised learning, you might want to consider sklearn.ensemble.HistGradientBoostingClassifier and Regressor which accept missing values encoded as NaNs natively. Alternatively, it is possible to preprocess the data, for instance by using an imputer transformer in a pipeline or drop samples with missing values. See https://scikit-learn.org/stable/modules/impute.html You can find a list of all estimators that handle NaN values at the following page: https://scikit-learn.org/stable/modules/impute.html#estimators-that-handle-nan-values
2025-11-01 20:17:32,018 - INFO - [COMPLETE] Best baseline model: Random_Forest (AUC=0.7909)
2025-11-01 20:17:32,018 - INFO - Computing SHAP values...
2025-11-01 20:17:32,018 - INFO - Using 1000 samples for SHAP (for speed)
2025-11-01 20:17:39,551 - WARNING - [WARNING] SHAP computation failed: Per-column arrays must each be 1-dimensional
2025-11-01 20:17:39,552 - INFO - Plotting ROC and PR curves...
2025-11-01 20:17:40,021 - INFO - [OK] Saved: outputs_optimized/plots/roc_pr_curves.png
2025-11-01 20:17:40,021 - INFO - Plotting calibration curve...
2025-11-01 20:17:40,246 - INFO - [OK] Saved: outputs_optimized/plots/calibration_plot.png
2025-11-01 20:17:40,246 - INFO - Starting Optuna optimization (30 trials, xgb)
2025-11-01 20:18:01,282 - INFO - [OK] Optuna complete - Best AUC: 0.7965
2025-11-01 20:18:06,628 - INFO - Optimized model AUC: 0.7995
2025-11-01 20:18:06,668 - INFO - Optimizing classification thresholds...
2025-11-01 20:18:07,704 - INFO - [OK] Thresholds optimized - Youden: 0.2617, F2: 0.1364, Cost: 0.1485
2025-11-01 20:18:07,704 - INFO - Computing bootstrap confidence intervals (n=1000)
2025-11-01 20:18:08,818 - INFO - [OK] Bootstrap complete
2025-11-01 20:18:08,818 - INFO - Performing subgroup analysis...
2025-11-01 20:18:08,827 - INFO - [OK] Subgroup analysis complete (7 groups)
2025-11-01 20:18:08,827 - INFO - Plotting Decision Curve Analysis...
2025-11-01 20:18:09,092 - INFO - [OK] Saved: outputs_optimized/plots/dca_plot.png
2025-11-01 20:18:09,093 - INFO - ============================================================
2025-11-01 20:18:09,093 - INFO - Exporting Results and Artifacts
2025-11-01 20:18:09,093 - INFO - ============================================================
2025-11-01 20:18:09,094 - INFO - [OK] Saved: model_performance_summary.csv
2025-11-01 20:18:09,094 - INFO - [OK] Saved: threshold_optimization_report.csv
2025-11-01 20:18:09,094 - INFO - [OK] Saved: bootstrap_confidence_intervals.csv
2025-11-01 20:18:09,094 - INFO - [OK] Saved: subgroup_performance_table.csv
2025-11-01 20:18:09,095 - INFO - [OK] Saved: optuna_best_params.json
2025-11-01 20:18:09,127 - INFO - [OK] Saved: best_sepsis_model.pkl
2025-11-01 20:18:09,127 - INFO - [COMPLETE] All exports complete
2025-11-01 20:18:09,128 - INFO - ================================================================================
2025-11-01 20:18:09,128 - INFO - [COMPLETE] Pipeline finished in 38.18 seconds
2025-11-01 20:18:09,128 - INFO - Results saved to: outputs_optimized
2025-11-01 20:18:09,128 - INFO - ================================================================================
