2025-11-04 15:18:21,978 - INFO - ================================================================================
2025-11-04 15:18:21,978 - INFO - Sepsis-3 Mortality Prediction Training Pipeline
2025-11-04 15:18:21,978 - INFO - ================================================================================
2025-11-04 15:18:21,978 - INFO - Random seed: 42
2025-11-04 15:18:21,978 - INFO - Output directory: outputs_8
2025-11-04 15:18:21,988 - INFO - Loading data from data/processed/sepsis3_cleaned.csv
2025-11-04 15:18:22,024 - INFO - Data loaded: 20391 samples, 27 features
2025-11-04 15:18:22,024 - INFO - Target distribution: 4703 positive (23.06%)
2025-11-04 15:18:22,024 - INFO - Splitting data (70/15/15 stratified)
2025-11-04 15:18:22,032 - INFO - Train: 14272 (70.0%)
2025-11-04 15:18:22,032 - INFO - Val: 3060 (15.0%)
2025-11-04 15:18:22,032 - INFO - Test: 3059 (15.0%)
2025-11-04 15:18:22,032 - INFO - Building preprocessing pipeline
2025-11-04 15:18:22,050 - INFO - Pipeline fitted: 27 numeric features
2025-11-04 15:18:22,050 - INFO - ============================================================
2025-11-04 15:18:22,050 - INFO - Stage A: Baseline Model Training
2025-11-04 15:18:22,050 - INFO - ============================================================
2025-11-04 15:18:22,050 - INFO - Preprocessing data for LR and Stacking models...
2025-11-04 15:18:22,056 - INFO - Training Logistic Regression...
2025-11-04 15:18:22,072 - INFO - [OK] LR - AUC: 0.7825
2025-11-04 15:18:22,072 - INFO - Training Random Forest...
2025-11-04 15:18:22,544 - INFO - [OK] RF - AUC: 0.7899
2025-11-04 15:18:22,545 - INFO - Training XGBoost...
2025-11-04 15:18:23,283 - INFO - [OK] XGB - AUC: 0.7905
2025-11-04 15:18:23,283 - INFO - Training LightGBM...
2025-11-04 15:18:23,546 - INFO - [OK] LGB - AUC: 0.7753
2025-11-04 15:18:23,546 - INFO - Training Stacking Ensemble (LR, XGBoost, LightGBM)...
2025-11-04 15:18:31,713 - INFO - [OK] Stack - AUC: 0.7958
2025-11-04 15:18:31,713 - INFO - [COMPLETE] Best baseline model: Stacking (AUC=0.7958)
2025-11-04 15:18:31,713 - INFO - Computing SHAP values...
2025-11-04 15:18:31,713 - INFO - Using 1000 samples for SHAP (for speed)
2025-11-04 15:18:31,713 - WARNING - SHAP not supported for this model type
2025-11-04 15:18:31,713 - INFO - Plotting ROC and PR curves...
2025-11-04 15:18:32,071 - INFO - [OK] Saved: outputs_8/plots/roc_pr_curves.png
2025-11-04 15:18:32,071 - INFO - Plotting calibration curve...
2025-11-04 15:18:32,243 - INFO - [OK] Saved: outputs_8/plots/calibration_plot.png
2025-11-04 15:18:32,243 - INFO - Starting Optuna optimization (80 trials, xgb)
2025-11-04 15:20:07,378 - INFO - [OK] Optuna complete - Best AUC: 0.8011
2025-11-04 15:20:14,419 - INFO - Optimized model AUC: 0.8008
2025-11-04 15:20:14,463 - INFO - Optimizing classification thresholds...
2025-11-04 15:20:15,560 - INFO - [OK] Thresholds optimized - Youden: 0.2281, F2: 0.1237, Cost: 0.1453
2025-11-04 15:20:15,560 - INFO - Computing bootstrap confidence intervals (n=1000)
2025-11-04 15:20:16,831 - INFO - [OK] Bootstrap complete
2025-11-04 15:20:16,831 - INFO - Performing subgroup analysis...
2025-11-04 15:20:16,842 - INFO - [OK] Subgroup analysis complete (7 groups)
2025-11-04 15:20:16,842 - INFO - Plotting Decision Curve Analysis...
2025-11-04 15:20:17,014 - INFO - [OK] Saved: outputs_8/plots/dca_plot.png
2025-11-04 15:20:17,014 - INFO - ============================================================
2025-11-04 15:20:17,014 - INFO - Exporting Results and Artifacts
2025-11-04 15:20:17,014 - INFO - ============================================================
2025-11-04 15:20:17,015 - INFO - [OK] Saved: model_performance_summary.csv
2025-11-04 15:20:17,015 - INFO - [OK] Saved: threshold_optimization_report.csv
2025-11-04 15:20:17,016 - INFO - [OK] Saved: bootstrap_confidence_intervals.csv
2025-11-04 15:20:17,016 - INFO - [OK] Saved: subgroup_performance_table.csv
2025-11-04 15:20:17,016 - INFO - [OK] Saved: optuna_best_params.json
2025-11-04 15:20:17,043 - INFO - [OK] Saved: best_sepsis_model.pkl
2025-11-04 15:20:17,043 - INFO - [COMPLETE] All exports complete
2025-11-04 15:20:17,044 - INFO - ================================================================================
2025-11-04 15:20:17,044 - INFO - [COMPLETE] Pipeline finished in 115.07 seconds
2025-11-04 15:20:17,044 - INFO - Results saved to: outputs_8
2025-11-04 15:20:17,044 - INFO - ================================================================================
